0 info it worked if it ends with ok
1 verbose cli [ '/usr/bin/nodejs', '/usr/bin/npm', 'install', '-g', 'nodemon' ]
2 info using npm@1.3.10
3 info using node@v0.10.25
4 verbose cache add [ 'nodemon', null ]
5 verbose cache add name=undefined spec="nodemon" args=["nodemon",null]
6 verbose parsed url { protocol: null,
6 verbose parsed url   slashes: null,
6 verbose parsed url   auth: null,
6 verbose parsed url   host: null,
6 verbose parsed url   port: null,
6 verbose parsed url   hostname: null,
6 verbose parsed url   hash: null,
6 verbose parsed url   search: null,
6 verbose parsed url   query: null,
6 verbose parsed url   pathname: 'nodemon',
6 verbose parsed url   path: 'nodemon',
6 verbose parsed url   href: 'nodemon' }
7 silly lockFile 1625b929-nodemon nodemon
8 verbose lock nodemon /home/crscloud/.npm/1625b929-nodemon.lock
9 silly lockFile 1625b929-nodemon nodemon
10 silly lockFile 1625b929-nodemon nodemon
11 verbose addNamed [ 'nodemon', '' ]
12 verbose addNamed [ null, '*' ]
13 silly lockFile 4f5e51c6-nodemon nodemon@
14 verbose lock nodemon@ /home/crscloud/.npm/4f5e51c6-nodemon.lock
15 silly addNameRange { name: 'nodemon', range: '*', hasData: false }
16 verbose url raw nodemon
17 verbose url resolving [ 'https://registry.npmjs.org/', './nodemon' ]
18 verbose url resolved https://registry.npmjs.org/nodemon
19 info trying registry request attempt 1 at 19:05:31
20 verbose etag "AOYAFI20DRZDKUFV9HT9U2524"
21 http GET https://registry.npmjs.org/nodemon
22 http 304 https://registry.npmjs.org/nodemon
23 silly registry.get cb [ 304,
23 silly registry.get   { date: 'Sat, 24 Oct 2015 23:05:31 GMT',
23 silly registry.get     via: '1.1 varnish',
23 silly registry.get     'cache-control': 'max-age=60',
23 silly registry.get     etag: '"AOYAFI20DRZDKUFV9HT9U2524"',
23 silly registry.get     age: '36',
23 silly registry.get     connection: 'keep-alive',
23 silly registry.get     'x-served-by': 'cache-jfk1026-JFK',
23 silly registry.get     'x-cache': 'HIT',
23 silly registry.get     'x-cache-hits': '1',
23 silly registry.get     'x-timer': 'S1445727931.456624,VS0,VE1',
23 silly registry.get     vary: 'Accept' } ]
24 verbose etag nodemon from cache
25 silly addNameRange number 2 { name: 'nodemon', range: '*', hasData: true }
26 silly addNameRange versions [ 'nodemon',
26 silly addNameRange   [ '0.1.4',
26 silly addNameRange     '0.1.5',
26 silly addNameRange     '0.1.6',
26 silly addNameRange     '0.1.7',
26 silly addNameRange     '0.1.8',
26 silly addNameRange     '0.2.0',
26 silly addNameRange     '0.2.1',
26 silly addNameRange     '0.2.2',
26 silly addNameRange     '0.3.0',
26 silly addNameRange     '0.3.1',
26 silly addNameRange     '0.3.2',
26 silly addNameRange     '0.4.0',
26 silly addNameRange     '0.4.1',
26 silly addNameRange     '0.5.0',
26 silly addNameRange     '0.5.1',
26 silly addNameRange     '0.5.2',
26 silly addNameRange     '0.5.3',
26 silly addNameRange     '0.5.4',
26 silly addNameRange     '0.5.5',
26 silly addNameRange     '0.5.6',
26 silly addNameRange     '0.5.7',
26 silly addNameRange     '0.6.0',
26 silly addNameRange     '0.6.1',
26 silly addNameRange     '0.6.2',
26 silly addNameRange     '0.6.3',
26 silly addNameRange     '0.6.4',
26 silly addNameRange     '0.6.5',
26 silly addNameRange     '0.6.6',
26 silly addNameRange     '0.6.7',
26 silly addNameRange     '0.6.8',
26 silly addNameRange     '0.6.9',
26 silly addNameRange     '0.6.10',
26 silly addNameRange     '0.6.11',
26 silly addNameRange     '0.6.12',
26 silly addNameRange     '0.6.13',
26 silly addNameRange     '0.6.14',
26 silly addNameRange     '0.6.15',
26 silly addNameRange     '0.6.16',
26 silly addNameRange     '0.6.17',
26 silly addNameRange     '0.6.18',
26 silly addNameRange     '0.6.19',
26 silly addNameRange     '0.6.20',
26 silly addNameRange     '0.6.21',
26 silly addNameRange     '0.6.22',
26 silly addNameRange     '0.6.23',
26 silly addNameRange     '0.7.0',
26 silly addNameRange     '0.7.1',
26 silly addNameRange     '0.7.2',
26 silly addNameRange     '0.7.3',
26 silly addNameRange     '0.7.4',
26 silly addNameRange     '0.7.5',
26 silly addNameRange     '0.7.6',
26 silly addNameRange     '0.7.7',
26 silly addNameRange     '0.7.8',
26 silly addNameRange     '0.7.10',
26 silly addNameRange     '0.9.0',
26 silly addNameRange     '0.9.1',
26 silly addNameRange     '0.9.2',
26 silly addNameRange     '0.9.3',
26 silly addNameRange     '0.9.5',
26 silly addNameRange     '0.9.6',
26 silly addNameRange     '0.9.7',
26 silly addNameRange     '0.9.10',
26 silly addNameRange     '0.9.11',
26 silly addNameRange     '0.9.12',
26 silly addNameRange     '0.9.14',
26 silly addNameRange     '0.9.16',
26 silly addNameRange     '0.9.17',
26 silly addNameRange     '1.0.0',
26 silly addNameRange     '1.0.1',
26 silly addNameRange     '1.0.2',
26 silly addNameRange     '1.0.2-rc',
26 silly addNameRange     '0.6.10-a',
26 silly addNameRange     '1.0.2-rc3',
26 silly addNameRange     '1.0.2-rc4',
26 silly addNameRange     '1.0.3',
26 silly addNameRange     '1.0.4',
26 silly addNameRange     '1.0.5',
26 silly addNameRange     '1.0.6',
26 silly addNameRange     '1.0.7',
26 silly addNameRange     '1.0.8',
26 silly addNameRange     '1.0.9',
26 silly addNameRange     '1.0.10',
26 silly addNameRange     '1.0.11',
26 silly addNameRange     '1.0.12',
26 silly addNameRange     '1.0.13',
26 silly addNameRange     '1.0.14',
26 silly addNameRange     '1.0.15',
26 silly addNameRange     '1.0.16',
26 silly addNameRange     '1.0.17-rc1',
26 silly addNameRange     '1.0.17-rc2',
26 silly addNameRange     '1.0.17',
26 silly addNameRange     '1.0.18',
26 silly addNameRange     '1.0.19',
26 silly addNameRange     '1.0.20',
26 silly addNameRange     '1.1.0-alpha',
26 silly addNameRange     '1.1.0',
26 silly addNameRange     '1.1.1',
26 silly addNameRange     '1.2.0',
26 silly addNameRange     '1.2.1',
26 silly addNameRange     '1.3.0-0',
26 silly addNameRange     '1.3.0-1',
26 silly addNameRange     '1.3.0-2',
26 silly addNameRange     '1.3.0-3',
26 silly addNameRange     '1.3.0-4',
26 silly addNameRange     '1.3.0-5',
26 silly addNameRange     '1.3.0-6',
26 silly addNameRange     '1.3.0-7',
26 silly addNameRange     '1.3.0',
26 silly addNameRange     '1.3.1',
26 silly addNameRange     '1.3.2',
26 silly addNameRange     '1.3.3',
26 silly addNameRange     '1.3.5',
26 silly addNameRange     '1.3.6',
26 silly addNameRange     '1.3.7',
26 silly addNameRange     '1.3.8',
26 silly addNameRange     '1.4.0',
26 silly addNameRange     '1.4.1',
26 silly addNameRange     '1.5.0-alpha1',
26 silly addNameRange     '1.5.0-alpha2',
26 silly addNameRange     '1.5.0-alpha3',
26 silly addNameRange     '1.5.0-alpha4',
26 silly addNameRange     '1.4.2',
26 silly addNameRange     '1.5.0',
26 silly addNameRange     '1.5.1',
26 silly addNameRange     '1.6.0',
26 silly addNameRange     '1.6.1',
26 silly addNameRange     '1.7.0',
26 silly addNameRange     '1.7.1',
26 silly addNameRange     '1.7.2',
26 silly addNameRange     '1.7.3' ] ]
27 verbose addNamed [ 'nodemon', '1.7.3' ]
28 verbose addNamed [ '1.7.3', '1.7.3' ]
29 silly lockFile 7454dbf6-nodemon-1-7-3 nodemon@1.7.3
30 verbose lock nodemon@1.7.3 /home/crscloud/.npm/7454dbf6-nodemon-1-7-3.lock
31 silly lockFile 7454dbf6-nodemon-1-7-3 nodemon@1.7.3
32 silly lockFile 7454dbf6-nodemon-1-7-3 nodemon@1.7.3
33 silly lockFile 4f5e51c6-nodemon nodemon@
34 silly lockFile 4f5e51c6-nodemon nodemon@
35 silly resolved [ { name: 'nodemon',
35 silly resolved     homepage: 'http://nodemon.io',
35 silly resolved     author: { name: 'Remy Sharp', url: 'http://github.com/remy' },
35 silly resolved     bin: { nodemon: './bin/nodemon.js' },
35 silly resolved     engines: { node: '>=0.8' },
35 silly resolved     repository: { type: 'git', url: 'https://github.com/remy/nodemon.git' },
35 silly resolved     description: 'Simple monitor script for use during development of a node.js app.',
35 silly resolved     keywords:
35 silly resolved      [ 'monitor',
35 silly resolved        'development',
35 silly resolved        'restart',
35 silly resolved        'autoload',
35 silly resolved        'reload',
35 silly resolved        'terminal' ],
35 silly resolved     preferGlobal: 'true',
35 silly resolved     license: 'MIT',
35 silly resolved     main: './lib/nodemon',
35 silly resolved     scripts:
35 silly resolved      { coverage: 'istanbul cover _mocha -- --timeout 30000 --ui bdd --reporter list test/**/*.test.js',
35 silly resolved        lint: 'jscs lib/**/*.js -v',
35 silly resolved        ':spec': 'node_modules/.bin/mocha --timeout 30000 --ui bdd test/**/*.test.js',
35 silly resolved        test: 'npm run lint && npm run spec',
35 silly resolved        spec: 'for FILE in test/**/*.test.js; do echo $FILE; ./node_modules/.bin/mocha --timeout 30000 $FILE; if [ $? -ne 0 ]; then exit 1; fi; sleep 1; done',
35 silly resolved        web: 'node web',
35 silly resolved        'semantic-release': 'semantic-release pre && npm publish && semantic-release post' },
35 silly resolved     devDependencies:
35 silly resolved      { async: '1.4.2',
35 silly resolved        'coffee-script': '~1.7.1',
35 silly resolved        connect: '~2.19.1',
35 silly resolved        istanbul: '~0.2.10',
35 silly resolved        jscs: '2.1.1',
35 silly resolved        mocha: '2.3.3',
35 silly resolved        should: '~4.0.0',
35 silly resolved        'semantic-release': '4.3.5' },
35 silly resolved     dependencies:
35 silly resolved      { chokidar: '^1.2.0',
35 silly resolved        debug: '^2.2.0',
35 silly resolved        'es6-promise': '^3.0.2',
35 silly resolved        'lodash.defaults': '^3.1.2',
35 silly resolved        minimatch: '^3.0.0',
35 silly resolved        'ps-tree': '^1.0.1',
35 silly resolved        touch: '1.0.0',
35 silly resolved        undefsafe: '0.0.3',
35 silly resolved        'update-notifier': '0.5.0' },
35 silly resolved     version: '1.7.3',
35 silly resolved     readme: '![nodemon logo](http://nodemon.io/nodemon.svg)\n\n# nodemon\n\n[![Donate](https://img.shields.io/badge/donate-%20%E2%9D%A4%20-green.svg)](https://www.paypal.me/rem)\n\nFor use during development of a node.js based application.\n\nnodemon will watch the files in the directory in which nodemon was started, and if any files change, nodemon will automatically restart your node application.\n\nnodemon does **not** require *any* changes to your code or method of development. nodemon simply wraps your node application and keeps an eye on any files that have changed. Remember that nodemon is a replacement wrapper for `node`, think of it as replacing the word "node" on the command line when you run your script.\n\n[![NPM version](https://badge.fury.io/js/nodemon.svg)](https://npmjs.org/package/nodemon)\n[![Travis Status](https://travis-ci.org/remy/nodemon.svg?branch=master)](https://travis-ci.org/remy/nodemon)\n\n# Installation\n\nEither through forking or by using [npm](http://npmjs.org) (the recommended way):\n\n    npm install -g nodemon\n\nAnd nodemon will be installed in to your bin path. Note that as of npm v1, you must explicitly tell npm to install globally as nodemon is a command line utility.\n\n# Usage\n\nnodemon wraps your application, so you can pass all the arguments you would normally pass to your app:\n\n    nodemon [your node app]\n\nFor CLI options, use the `-h` (or `--help`) argument:\n\n    nodemon -h\n\nUsing nodemon is simple, if my application accepted a host and port as the arguments, I would start it as so:\n\n    nodemon ./server.js localhost 8080\n\nAny output from this script is prefixed with `[nodemon]`, otherwise all output from your application, errors included, will be echoed out as expected.\n\nnodemon also supports running and monitoring [coffee-script](http://coffeescript.org/) apps:\n\n    nodemon server.coffee\n\nIf no script is given, nodemon will test for a `package.json` file and if found, will run the file associated with the *main* property ([ref](https://github.com/remy/nodemon/issues/14)).\n\nYou can also pass the debug flag to node through the command line as you would normally:\n\n    nodemon --debug ./server.js 80\n\nIf you have a `package.json` file for your app, you can omit the main script entirely and nodemon will read the `package.json` for the `main` property and use that value as the app.\n\nnodemon will also search for the `scripts.start` property in `package.json` (as of nodemon 1.1.x).\n\nAlso check out the [FAQ](https://github.com/remy/nodemon/blob/master/faq.md) or [issues](https://github.com/remy/nodemon/issues) for nodemon.\n\n## Automatic re-running\n\nnodemon was originally written to restart hanging processes such as web servers, but now supports apps that cleanly exit. If your script exits cleanly, nodemon will continue to monitor the directory (or directories) and restart the script if there are any changes.\n\n## Manual restarting\n\nWhilst nodemon is running, if you need to manually restart your application, instead of stopping and restart nodemon, you can simply type `rs` with a carriage return, and nodemon will restart your process.\n\n## Config files\n\nnodemon supports local and global configuration files. These are named `nodemon.json` and can be located in the current working directory or in your home directory.\n\nThe specificity is as follows, so that a command line argument will always override the config file settings:\n\n- command line arguments\n- local config\n- global config\n\nA config file can take any of the command line arguments as JSON key values, for example:\n\n    {\n      "verbose": true,\n      "ignore": ["*.test.js", "fixtures/*"],\n      "execMap": {\n        "rb": "ruby",\n        "pde": "processing --sketch={{pwd}} --run"\n      }\n    }\n\nThe above `nodemon.json` file might be my global config so that I have support for ruby files and processing files, and I can simply run `nodemon demo.pde` and nodemon will automatically know how to run the script even though out of the box support for processing scripts.\n\nA further example of options can be seen in [sample-nodemon.md](https://github.com/remy/nodemon/blob/master/doc/sample-nodemon.md)\n\n*This section needs better documentation, but for now you can also see `nodemon --help config` ([also here](https://github.com/remy/nodemon/blob/master/doc/cli/config.txt))*.\n\n## Using nodemon as a module\n\nPlease see [doc/requireable.md](doc/requireable.md)\n\n## Running non-node scripts\n\nnodemon can also be used to execute and monitor other programs. nodemon will read the file extension of the script being run and monitor that extension instead of .js if there\'s no .nodemonignore:\n\n    nodemon --exec "python -v" ./app.py\n\nNow nodemon will run `app.py` with python in verbose mode (note that if you\'re not passing args to the exec program, you don\'t need the quotes), and look for new or modified files with the `.py` extension.\n\n### Default executables\n\nUsing the `nodemon.json` config file, you can define your own default executables using the `execMap` property. This is particularly useful if you\'re working with a language that isn\'t supported by default by nodemon.\n\nTo add support for nodemon to know about the .pl extension (for Perl), the nodemon.json file would add:\n\n    {\n      "execMap": {\n         "pl": "perl"\n      }\n    }\n\nNow running the following, nodemon will know to use `perl` as the executable:\n\n    nodemon script.pl\n\nIt\'s generally recommended to use the global `nodemon.json` to add your own `execMap` options. However, if there\'s a common default that\'s missing, this can be merged in to the project so that nodemon supports it by default, by changing [default.js](https://github.com/remy/nodemon/blob/master/lib/config/defaults.js) and sending a pull request.\n\n## Monitoring multiple directories\n\nBy default nodemon monitors the current working directory. If you want to take control of that option, use the `--watch` option to add specific paths:\n\n    nodemon --watch app --watch libs app/server.js\n\nNow nodemon will only restart if there are changes in the `./app` or `./libs` directory. By default nodemon will traverse sub-directories, so there\'s no need in explicitly including sub-directories.\n\n## Specifying extension watch list\n\nBy default, nodemon looks for files with the `.js`, `.coffee`, `.litcoffee`, and `.json` extensions. If you use the `--exec` option and monitor `app.py` nodemon will monitor files with the extension of `.py`. However, you can specify your own list with the `-e` (or `--ext`) switch like so:\n\n    nodemon -e js,jade\n\nNow nodemon will restart on any changes to files in the directory (or subdirectories) with the extensions .js, .jade.\n\n## Ignoring files\n\nBy default, nodemon will only restart when a `.js` JavaScript file changes. In some cases you will want to ignore some specific files, directories or file patterns, to prevent nodemon from prematurely restarting your application.\n\nThis can be done via the command line:\n\n    nodemon --ignore lib/ --ignore tests/\n\nOr specific files can be ignored:\n\n    nodemon --ignore lib/app.js\n\nPatterns can also be ignored (but be sure to quote the arguments):\n\n    nodemon --ignore \'lib/*.js\'\n\nNote that by default, nodemon will ignore the `.git`, `node_modules`, `bower_components` and `.sass-cache` directories and *add* your ignored patterns to the list. If you want to indeed watch a directory like `node_modules`, you need to [overriding the underlying default ignore rules](https://github.com/remy/nodemon/blob/master/faq.md#overriding-the-underlying-default-ignore-rules).\n\n## Application isn\'t restarting\n\nIn some networked environments (such as a container running nodemon reading across a mounted drive), you will need to use the `legacyWatch: true` which enabled Chokidar\'s polling.\n\nVia the CLI, use either `--legacy-watch` or `-L` for short:\n\n    nodemon -L\n\nThough this should be a last resort as it will poll every file it can find.\n\n## Delaying restarting\n\nIn some situations, you may want to wait until a number of files have changed. The timeout before checking for new file changes is 1 second. If you\'re uploading a number of files and it\'s taking some number of seconds, this could cause your app to restart multiple times unnecessarily.\n\nTo add an extra throttle, or delay restarting, use the `--delay` command:\n\n    nodemon --delay 10 server.js\n\nFor more precision, milliseconds can be specified.  Either as a float:\n\n    nodemon --delay 2.5 server.js\n\nOr using the time specifier (ms):\n\n    nodemon --delay 2500ms server.js\n\nThe delay figure is number of seconds (or milliseconds, if specified) to delay before restarting. So nodemon will only restart your app the given number of seconds after the *last* file change.\n\n## Controlling shutdown of your script\n\nnodemon sends a kill signal to your application when it sees a file update. If you need to clean up on shutdown inside your script you can capture the kill signal and handle it yourself.\n\nThe following example will listen once for the `SIGUSR2` signal (used by nodemon to restart), run the clean up process and then kill itself for nodemon to continue control:\n\n    process.once(\'SIGUSR2\', function () {\n      gracefulShutdown(function () {\n        process.kill(process.pid, \'SIGUSR2\');\n      });\n    });\n\nNote that the `process.kill` is *only* called once your shutdown jobs are complete. Hat tip to [Benjie Gillam](http://www.benjiegillam.com/2011/08/node-js-clean-restart-and-faster-development-with-nodemon/) for writing this technique up.\n\n## Triggering events when nodemon state changes\n\nIf you want growl like notifications when nodemon restarts or to trigger an action when an event happens, then you can either `require` nodemon or simply add event actions to your `nodemon.json` file.\n\nFor example, to trigger a notification on a Mac when nodemon restarts, `nodemon.json` looks like this:\n\n```json\n{\n  "events": {\n    "restart": "osascript -e \'display notification \\"app restarted\\" with title \\"nodemon\\"\'"\n  }\n}\n```\n\nA full list of available events is listed on the [event states wiki](https://github.com/remy/nodemon/wiki/Events#states). Note that you can bind to both states and messages.\n\n## Pipe output to somewhere else\n\n```js\nnodemon({\n  script: ...,\n  stdout: false // important: this tells nodemon not to output to console\n}).on(\'readable\', function() { // the `readable` event indicates that data is ready to pick up\n  this.stdout.pipe(fs.createWriteStream(\'output.txt\'));\n  this.stderr.pipe(fs.createWriteStream(\'err.txt\'));\n});\n```\n\n## Using io.js for nodemon\n\nIf you *only* have io.js installed (and the default install creates a symlink from `node` to `iojs`), then nodemon will work just fine out of the box (or [should](https://github.com/remy/nodemon/issues/468)).\n\nIf you\'ve got *both* node and io.js installed, then it\'s easy! You can either edit the local `nodemon.json` file (in your working directory) or in your `$HOME` directory containing:\n\n```json\n{\n  "execMap": {\n    "js": "iojs"\n  }\n}\n```\n\nNow you nodemon will use [io.js](https://iojs.org/) with JavaScript files instead of node.\n\n## Using nodemon in your gulp workflow\n\nCheck out the [gulp-nodemon](https://github.com/JacksonGariety/gulp-nodemon) plugin to integrate nodemon with the rest of your project\'s gulp workflow.\n\n## Using nodemon in your Grunt workflow\n\nCheck out the [grunt-nodemon](https://github.com/ChrisWren/grunt-nodemon) plugin to integrate nodemon with the rest of your project\'s grunt workflow.\n\n## Pronunciation\n\n> nodemon, is it pronunced: node-mon, no-demon or node-e-mon (like pokémon)?\n\nWell...I\'ve been asked this many times before. I like that I\'ve been asked this before. There\'s been bets as to which one it actually is.\n\nThe answer is simple, but possibly frustrating. I\'m not saying (how I pronounce it). It\'s up to you to call it as you like. All answers are correct :)\n\n## FAQ\n\nSee the [FAQ](https://github.com/remy/nodemon/blob/master/faq.md) and please add your own questions if you think they would help others.\n\n# License\n\nMIT [http://rem.mit-license.org](http://rem.mit-license.org)\n',
35 silly resolved     readmeFilename: 'README.md',
35 silly resolved     bugs: { url: 'https://github.com/remy/nodemon/issues' },
35 silly resolved     _id: 'nodemon@1.7.3',
35 silly resolved     _from: 'nodemon@' } ]
36 info install nodemon@1.7.3 into /usr/local/lib
37 info installOne nodemon@1.7.3
38 info /usr/local/lib/node_modules/nodemon unbuild
39 info preuninstall nodemon@1.7.1
40 info uninstall nodemon@1.7.1
41 verbose true,/usr/local/lib/node_modules,/usr/local/lib/node_modules unbuild nodemon@1.7.1
42 verbose /usr/local/bin,[object Object] binRoot
43 info /usr/local/lib/node_modules/nodemon unbuild
44 info preuninstall nodemon@1.7.1
45 info uninstall nodemon@1.7.1
46 verbose true,/usr/local/lib/node_modules,/usr/local/lib/node_modules unbuild nodemon@1.7.1
47 verbose /usr/local/bin,[object Object] binRoot
48 error error rolling back Error: EACCES, unlink '/usr/local/bin/nodemon'
48 error error rolling back  nodemon@1.7.3 { [Error: EACCES, unlink '/usr/local/bin/nodemon'] errno: 3, code: 'EACCES', path: '/usr/local/bin/nodemon' }
49 error Error: EACCES, unlink '/usr/local/bin/nodemon'
49 error  { [Error: EACCES, unlink '/usr/local/bin/nodemon'] errno: 3, code: 'EACCES', path: '/usr/local/bin/nodemon' }
50 error Please try running this command again as root/Administrator.
51 error System Linux 3.13.0-57-generic
52 error command "/usr/bin/nodejs" "/usr/bin/npm" "install" "-g" "nodemon"
53 error cwd /home/crscloud/crsreports.com
54 error node -v v0.10.25
55 error npm -v 1.3.10
56 error path /usr/local/bin/nodemon
57 error code EACCES
58 error errno 3
59 error stack Error: EACCES, unlink '/usr/local/bin/nodemon'
60 verbose exit [ 3, true ]
